<?xml version="1.0" encoding="UTF-8"?>
<!-- Generated by org.testng.reporters.JUnitReportReporter -->
<testsuite hostname="LAPTOP-4ACSQ332" failures="0" tests="2" name="example.EndToEndFlow" time="18.963" errors="0" timestamp="2024-09-04T22:49:18 IST" skipped="0">
  <testcase classname="example.EndToEndFlow" name="loginToApplication" time="8.209"/>
  <testcase classname="example.EndToEndFlow" name="loginAndAddProductToCart" time="10.754"/>
</testsuite> <!-- example.EndToEndFlow -->
