<?xml version="1.0" encoding="UTF-8"?>
<!-- Generated by org.testng.reporters.JUnitReportReporter -->
<testsuite hostname="LAPTOP-4ACSQ332" failures="0" tests="6" name="example.MultiBrowser" time="162.062" errors="0" timestamp="2024-09-04T22:41:13 IST" skipped="0">
  <testcase classname="example.MultiBrowser" name="scrollTillEle" time="21.900"/>
  <testcase classname="example.MultiBrowser" name="enterText" time="14.305"/>
  <testcase classname="example.MultiBrowser" name="clickJs" time="58.725"/>
  <testcase classname="example.MultiBrowser" name="scrollTillEle" time="20.734"/>
  <testcase classname="example.MultiBrowser" name="clickJs" time="35.819"/>
  <testcase classname="example.MultiBrowser" name="enterText" time="10.579"/>
</testsuite> <!-- example.MultiBrowser -->
